Downloading: nvd-clojure/nvd-clojure/maven-metadata.xml from clojars
Downloading: nvd-clojure/nvd-clojure/3.6.0/nvd-clojure-3.6.0.pom from clojars
Downloading: org/owasp/dependency-check-core/8.4.3/dependency-check-core-8.4.3.pom from central
Downloading: org/slf4j/slf4j-simple/2.0.9/slf4j-simple-2.0.9.pom from central
Downloading: org/owasp/dependency-check-parent/8.4.3/dependency-check-parent-8.4.3.pom from central
Downloading: rm-hull/table/0.7.1/table-0.7.1.pom from clojars
Downloading: com/fasterxml/jackson/jackson-bom/2.15.3/jackson-bom-2.15.3.pom from central
Downloading: com/fasterxml/jackson/jackson-parent/2.15/jackson-parent-2.15.pom from central
Downloading: trptcolin/versioneer/0.2.0/versioneer-0.2.0.pom from clojars
Downloading: com/fasterxml/jackson/core/jackson-databind/2.16.0/jackson-databind-2.16.0.pom from central
Downloading: com/fasterxml/oss-parent/50/oss-parent-50.pom from central
Downloading: com/fasterxml/jackson/jackson-base/2.16.0/jackson-base-2.16.0.pom from central
Downloading: org/junit/junit-bom/5.9.2/junit-bom-5.9.2.pom from central
Downloading: com/fasterxml/jackson/core/jackson-annotations/2.16.0/jackson-annotations-2.16.0.pom from central
Downloading: com/fasterxml/jackson/core/jackson-core/2.16.0/jackson-core-2.16.0.pom from central
Downloading: org/apache/maven/resolver/maven-resolver-transport-http/1.9.16/maven-resolver-transport-http-1.9.16.pom from central
Downloading: org/junit/junit-bom/5.9.3/junit-bom-5.9.3.pom from central
Downloading: com/fasterxml/jackson/module/jackson-module-afterburner/2.16.0/jackson-module-afterburner-2.16.0.pom from central
Downloading: org/yaml/snakeyaml/2.2/snakeyaml-2.2.pom from central
Downloading: org/apache/maven/resolver/maven-resolver/1.9.16/maven-resolver-1.9.16.pom from central
Downloading: org/apache/maven/maven-core/3.9.5/maven-core-3.9.5.pom from central
Downloading: com/fasterxml/jackson/module/jackson-modules-base/2.16.0/jackson-modules-base-2.16.0.pom from central
Downloading: org/apache/maven/maven/3.9.5/maven-3.9.5.pom from central
Downloading: org/eclipse/jetty/jetty-client/12.0.3/jetty-client-12.0.3.pom from central
Downloading: org/apache/maven/resolver/maven-resolver-spi/1.9.16/maven-resolver-spi-1.9.16.pom from central
Downloading: org/eclipse/jetty/jetty-core/12.0.3/jetty-core-12.0.3.pom from central
Downloading: org/eclipse/jetty/jetty-project/12.0.3/jetty-project-12.0.3.pom from central
Downloading: org/apache/maven/resolver/maven-resolver-api/1.9.16/maven-resolver-api-1.9.16.pom from central
Downloading: org/apache/maven/resolver/maven-resolver-util/1.9.16/maven-resolver-util-1.9.16.pom from central
Downloading: org/apache/maven/resolver/maven-resolver-impl/1.9.16/maven-resolver-impl-1.9.16.pom from central
Downloading: org/apache/maven/maven-resolver-provider/3.9.5/maven-resolver-provider-3.9.5.pom from central
Downloading: org/infinispan/infinispan-bom/11.0.18.Final/infinispan-bom-11.0.18.Final.pom from central
Downloading: org/infinispan/infinispan-build-configuration-parent/11.0.18.Final/infinispan-build-configuration-parent-11.0.18.Final.pom from central
Downloading: org/codehaus/plexus/plexus-utils/4.0.0/plexus-utils-4.0.0.pom from central
Downloading: org/codehaus/plexus/plexus/13/plexus-13.pom from central
Downloading: org/junit/junit-bom/5.10.0/junit-bom-5.10.0.pom from central
Downloading: org/ow2/asm/asm-bom/9.6/asm-bom-9.6.pom from central
Downloading: org/testcontainers/testcontainers-bom/1.19.1/testcontainers-bom-1.19.1.pom from central
Downloading: clansi/clansi/1.0.0/clansi-1.0.0.pom from clojars
Downloading: org/apache/commons/commons-jcs3-core/3.2/commons-jcs3-core-3.2.pom from central
Downloading: org/anarres/jdiagnostics/jdiagnostics/1.0.7/jdiagnostics-1.0.7.pom from central
Downloading: org/whitesource/pecoff4j/0.0.2.1/pecoff4j-0.0.2.1.pom from central
Downloading: io/github/jeremylong/jcs3-slf4j/1.0.1/jcs3-slf4j-1.0.1.pom from central
Downloading: org/apache/commons/commons-jcs3/3.2/commons-jcs3-3.2.pom from central
Downloading: us/springett/cpe-parser/2.0.3/cpe-parser-2.0.3.pom from central
Downloading: com/github/package-url/packageurl-java/1.4.1/packageurl-java-1.4.1.pom from central
Downloading: org/apache/commons/commons-parent/58/commons-parent-58.pom from central
Downloading: org/owasp/dependency-check-utils/8.4.3/dependency-check-utils-8.4.3.pom from central
Downloading: org/apache/apache/29/apache-29.pom from central
Downloading: org/semver4j/semver4j/5.2.2/semver4j-5.2.2.pom from central
Downloading: org/apache/commons/commons-compress/1.24.0/commons-compress-1.24.0.pom from central
Downloading: commons-io/commons-io/2.15.0/commons-io-2.15.0.pom from central
Downloading: org/apache/commons/commons-lang3/3.13.0/commons-lang3-3.13.0.pom from central
Downloading: org/apache/commons/commons-parent/61/commons-parent-61.pom from central
Downloading: org/apache/commons/commons-parent/64/commons-parent-64.pom from central
Downloading: org/apache/commons/commons-collections4/4.4/commons-collections4-4.4.pom from central
Downloading: org/apache/commons/commons-parent/48/commons-parent-48.pom from central
Downloading: org/apache/commons/commons-text/1.11.0/commons-text-1.11.0.pom from central
Downloading: org/apache/commons/commons-dbcp2/2.11.0/commons-dbcp2-2.11.0.pom from central
Downloading: org/apache/lucene/lucene-analyzers-common/8.11.2/lucene-analyzers-common-8.11.2.pom from central
Downloading: org/apache/lucene/lucene-core/8.11.2/lucene-core-8.11.2.pom from central
Downloading: org/apache/lucene/lucene-queryparser/8.11.2/lucene-queryparser-8.11.2.pom from central
Downloading: org/apache/lucene/lucene-parent/8.11.2/lucene-parent-8.11.2.pom from central
Downloading: org/apache/velocity/velocity-engine-core/2.3/velocity-engine-core-2.3.pom from central
Downloading: org/apache/lucene/lucene-solr-grandparent/8.11.2/lucene-solr-grandparent-8.11.2.pom from central
Downloading: org/apache/velocity/velocity-engine-parent/2.3/velocity-engine-parent-2.3.pom from central
Downloading: org/apache/velocity/velocity-master/4/velocity-master-4.pom from central
Downloading: org/glassfish/javax.json/1.1.4/javax.json-1.1.4.pom from central
Downloading: com/h2database/h2/2.1.214/h2-2.1.214.pom from central
Downloading: org/jsoup/jsoup/1.16.2/jsoup-1.16.2.pom from central
Downloading: com/fasterxml/jackson/module/jackson-module-blackbird/2.15.3/jackson-module-blackbird-2.15.3.pom from central
Downloading: org/glassfish/json/1.1.4/json-1.1.4.pom from central
Downloading: com/fasterxml/jackson/dataformat/jackson-dataformat-yaml/2.15.3/jackson-dataformat-yaml-2.15.3.pom from central
Downloading: com/fasterxml/jackson/module/jackson-modules-base/2.15.3/jackson-modules-base-2.15.3.pom from central
Downloading: org/sonatype/ossindex/ossindex-service-client/1.8.2/ossindex-service-client-1.8.2.pom from central
Downloading: com/h3xstream/retirejs/retirejs-core/3.0.4/retirejs-core-3.0.4.pom from central
Downloading: com/fasterxml/jackson/jackson-base/2.15.3/jackson-base-2.15.3.pom from central
Downloading: com/fasterxml/jackson/dataformat/jackson-dataformats-text/2.15.3/jackson-dataformats-text-2.15.3.pom from central
Downloading: com/h3xstream/retirejs/retirejs-root-pom/3.0.4/retirejs-root-pom-3.0.4.pom from central
Downloading: org/sonatype/ossindex/ossindex-service/1.8.2/ossindex-service-1.8.2.pom from central
Downloading: org/sonatype/buildsupport/public-parent/28/public-parent-28.pom from central
Downloading: com/google/guava/guava/32.1.3-jre/guava-32.1.3-jre.pom from central
Downloading: com/hankcs/aho-corasick-double-array-trie/1.2.3/aho-corasick-double-array-trie-1.2.3.pom from central
Downloading: org/sonatype/buildsupport/buildsupport/28/buildsupport-28.pom from central
Downloading: com/google/guava/guava-parent/32.1.3-jre/guava-parent-32.1.3-jre.pom from central
Downloading: com/moandjiezana/toml/toml4j/0.7.2/toml4j-0.7.2.pom from central
Downloading: commons-validator/commons-validator/1.7/commons-validator-1.7.pom from central
Downloading: org/sonatype/ossindex/ossindex-service-bom/1.8.2/ossindex-service-bom-1.8.2.pom from central
Downloading: org/apache/commons/commons-parent/51/commons-parent-51.pom from central
Downloading: org/eclipse/packager/packager-rpm/0.19.0/packager-rpm-0.19.0.pom from central
Downloading: org/eclipse/packager/packager/0.19.0/packager-0.19.0.pom from central
Downloading: commons-codec/commons-codec/1.16.0/commons-codec-1.16.0.pom from central
Downloading: org/apache/maven/maven-settings/3.9.5/maven-settings-3.9.5.pom from central
Downloading: org/apache/maven/maven-settings-builder/3.9.5/maven-settings-builder-3.9.5.pom from central
Downloading: org/apache/maven/maven-model/3.9.5/maven-model-3.9.5.pom from central
Downloading: org/apache/maven/maven-builder-support/3.9.5/maven-builder-support-3.9.5.pom from central
Downloading: org/apache/maven/maven-artifact/3.9.5/maven-artifact-3.9.5.pom from central
Downloading: org/apache/maven/maven-repository-metadata/3.9.5/maven-repository-metadata-3.9.5.pom from central
Downloading: org/apache/maven/maven-plugin-api/3.9.5/maven-plugin-api-3.9.5.pom from central
Downloading: org/apache/maven/maven-model-builder/3.9.5/maven-model-builder-3.9.5.pom from central
Downloading: com/google/inject/guice/5.1.0/guice-5.1.0.pom from central
Downloading: org/codehaus/plexus/plexus-classworlds/2.7.0/plexus-classworlds-2.7.0.pom from central
Downloading: com/google/inject/guice-parent/5.1.0/guice-parent-5.1.0.pom from central
Downloading: org/eclipse/jetty/jetty-alpn-client/12.0.3/jetty-alpn-client-12.0.3.pom from central
Downloading: org/eclipse/jetty/jetty-alpn/12.0.3/jetty-alpn-12.0.3.pom from central
Downloading: org/eclipse/jetty/jetty-io/12.0.3/jetty-io-12.0.3.pom from central
Downloading: org/eclipse/jetty/jetty-http/12.0.3/jetty-http-12.0.3.pom from central
Downloading: org/apache/maven/resolver/maven-resolver-named-locks/1.9.16/maven-resolver-named-locks-1.9.16.pom from central
Downloading: jakarta/transaction/jakarta.transaction-api/1.3.3/jakarta.transaction-api-1.3.3.pom from central
Downloading: org/eclipse/ee4j/project/1.0.5/project-1.0.5.pom from central
Downloading: org/apache/lucene/lucene-queries/8.11.2/lucene-queries-8.11.2.pom from central
Downloading: org/apache/lucene/lucene-sandbox/8.11.2/lucene-sandbox-8.11.2.pom from central
Downloading: org/apache/commons/commons-pool2/2.12.0/commons-pool2-2.12.0.pom from central
Downloading: com/vaadin/external/google/android-json/0.0.20131108.vaadin1/android-json-0.0.20131108.vaadin1.pom from central
Downloading: com/esotericsoftware/minlog/1.3.1/minlog-1.3.1.pom from central
Downloading: org/apache/commons/commons-parent/62/commons-parent-62.pom from central
Downloading: org/sonatype/ossindex/ossindex-service-api/1.8.2/ossindex-service-api-1.8.2.pom from central
Downloading: com/github/spullara/mustache/java/compiler/0.9.6/compiler-0.9.6.pom from central
Downloading: joda-time/joda-time/2.10.4/joda-time-2.10.4.pom from central
Downloading: com/google/code/gson/gson/2.9.0/gson-2.9.0.pom from central
Downloading: javax/xml/bind/jaxb-api/2.3.1/jaxb-api-2.3.1.pom from central
Downloading: com/github/spullara/mustache/java/mustache.java/0.9.6/mustache.java-0.9.6.pom from central
Downloading: com/google/code/gson/gson-parent/2.9.0/gson-parent-2.9.0.pom from central
Downloading: com/google/errorprone/error_prone_annotations/2.21.1/error_prone_annotations-2.21.1.pom from central
Downloading: org/checkerframework/checker-qual/3.37.0/checker-qual-3.37.0.pom from central
Downloading: com/google/j2objc/j2objc-annotations/2.8/j2objc-annotations-2.8.pom from central
Downloading: javax/xml/bind/jaxb-api-parent/2.3.1/jaxb-api-parent-2.3.1.pom from central
Downloading: com/google/errorprone/error_prone_parent/2.21.1/error_prone_parent-2.21.1.pom from central
Downloading: org/eclipse/packager/packager-core/0.19.0/packager-core-0.19.0.pom from central
Downloading: org/tukaani/xz/1.9/xz-1.9.pom from central
Downloading: org/eclipse/jetty/jetty-util/12.0.3/jetty-util-12.0.3.pom from central
Downloading: javax/ws/rs/javax.ws.rs-api/2.0.1/javax.ws.rs-api-2.0.1.pom from central
Downloading: org/bouncycastle/bcprov-jdk18on/1.71/bcprov-jdk18on-1.71.pom from central
Downloading: org/bouncycastle/bcpg-jdk18on/1.71/bcpg-jdk18on-1.71.pom from central
Downloading: org/sonatype/goodies/package-url-java/1.1.1/package-url-java-1.1.1.pom from central
Downloading: org/sonatype/buildsupport/public-parent/13/public-parent-13.pom from central
Downloading: org/sonatype/buildsupport/buildsupport/13/buildsupport-13.pom from central
Downloading: joda-time/joda-time/2.10.4/joda-time-2.10.4.jar from central
Downloading: com/fasterxml/jackson/module/jackson-module-blackbird/2.15.3/jackson-module-blackbird-2.15.3.jar from central
Downloading: org/apache/commons/commons-compress/1.24.0/commons-compress-1.24.0.jar from central
Downloading: commons-codec/commons-codec/1.16.0/commons-codec-1.16.0.jar from central
Downloading: org/apache/commons/commons-lang3/3.13.0/commons-lang3-3.13.0.jar from central
Downloading: commons-validator/commons-validator/1.7/commons-validator-1.7.jar from central
Downloading: com/google/errorprone/error_prone_annotations/2.21.1/error_prone_annotations-2.21.1.jar from central
Downloading: com/esotericsoftware/minlog/1.3.1/minlog-1.3.1.jar from central
Downloading: org/bouncycastle/bcpg-jdk18on/1.71/bcpg-jdk18on-1.71.jar from central
Downloading: org/tukaani/xz/1.9/xz-1.9.jar from central
Downloading: com/h3xstream/retirejs/retirejs-core/3.0.4/retirejs-core-3.0.4.jar from central
Downloading: com/fasterxml/jackson/core/jackson-databind/2.16.0/jackson-databind-2.16.0.jar from central
Downloading: com/google/inject/guice/5.1.0/guice-5.1.0.jar from central
Downloading: org/eclipse/packager/packager-rpm/0.19.0/packager-rpm-0.19.0.jar from central
Downloading: org/eclipse/jetty/jetty-alpn-client/12.0.3/jetty-alpn-client-12.0.3.jar from central
Downloading: org/eclipse/jetty/jetty-http/12.0.3/jetty-http-12.0.3.jar from central
Downloading: jakarta/transaction/jakarta.transaction-api/1.3.3/jakarta.transaction-api-1.3.3.jar from central
Downloading: org/apache/commons/commons-dbcp2/2.11.0/commons-dbcp2-2.11.0.jar from central
Downloading: org/apache/commons/commons-pool2/2.12.0/commons-pool2-2.12.0.jar from central
Downloading: org/eclipse/jetty/jetty-util/12.0.3/jetty-util-12.0.3.jar from central
Downloading: com/fasterxml/jackson/module/jackson-module-afterburner/2.16.0/jackson-module-afterburner-2.16.0.jar from central
Downloading: com/fasterxml/jackson/dataformat/jackson-dataformat-yaml/2.15.3/jackson-dataformat-yaml-2.15.3.jar from central
Downloading: org/anarres/jdiagnostics/jdiagnostics/1.0.7/jdiagnostics-1.0.7.jar from central
Downloading: clansi/clansi/1.0.0/clansi-1.0.0.jar from clojars
Downloading: org/apache/maven/resolver/maven-resolver-transport-http/1.9.16/maven-resolver-transport-http-1.9.16.jar from central
Downloading: com/hankcs/aho-corasick-double-array-trie/1.2.3/aho-corasick-double-array-trie-1.2.3.jar from central
Downloading: org/apache/lucene/lucene-analyzers-common/8.11.2/lucene-analyzers-common-8.11.2.jar from central
Downloading: org/apache/maven/maven-model-builder/3.9.5/maven-model-builder-3.9.5.jar from central
Downloading: org/codehaus/plexus/plexus-utils/4.0.0/plexus-utils-4.0.0.jar from central
Downloading: com/h2database/h2/2.1.214/h2-2.1.214.jar from central
Downloading: commons-io/commons-io/2.15.0/commons-io-2.15.0.jar from central
Downloading: rm-hull/table/0.7.1/table-0.7.1.jar from clojars
Downloading: org/apache/maven/maven-settings-builder/3.9.5/maven-settings-builder-3.9.5.jar from central
Downloading: com/github/spullara/mustache/java/compiler/0.9.6/compiler-0.9.6.jar from central
Downloading: com/vaadin/external/google/android-json/0.0.20131108.vaadin1/android-json-0.0.20131108.vaadin1.jar from central
Downloading: org/owasp/dependency-check-core/8.4.3/dependency-check-core-8.4.3.jar from central
Downloading: com/fasterxml/jackson/core/jackson-core/2.16.0/jackson-core-2.16.0.jar from central
Downloading: org/apache/velocity/velocity-engine-core/2.3/velocity-engine-core-2.3.jar from central
Downloading: org/yaml/snakeyaml/2.2/snakeyaml-2.2.jar from central
Downloading: org/apache/maven/maven-settings/3.9.5/maven-settings-3.9.5.jar from central
Downloading: trptcolin/versioneer/0.2.0/versioneer-0.2.0.jar from clojars
Downloading: org/apache/commons/commons-jcs3-core/3.2/commons-jcs3-core-3.2.jar from central
Downloading: org/owasp/dependency-check-utils/8.4.3/dependency-check-utils-8.4.3.jar from central
Downloading: org/slf4j/slf4j-simple/2.0.9/slf4j-simple-2.0.9.jar from central
Downloading: org/semver4j/semver4j/5.2.2/semver4j-5.2.2.jar from central
Downloading: org/apache/maven/maven-core/3.9.5/maven-core-3.9.5.jar from central
Downloading: org/bouncycastle/bcprov-jdk18on/1.71/bcprov-jdk18on-1.71.jar from central
Downloading: org/apache/lucene/lucene-core/8.11.2/lucene-core-8.11.2.jar from central
Downloading: org/apache/lucene/lucene-queryparser/8.11.2/lucene-queryparser-8.11.2.jar from central
Downloading: org/eclipse/packager/packager-core/0.19.0/packager-core-0.19.0.jar from central
Downloading: org/apache/maven/resolver/maven-resolver-api/1.9.16/maven-resolver-api-1.9.16.jar from central
Downloading: com/fasterxml/jackson/core/jackson-annotations/2.16.0/jackson-annotations-2.16.0.jar from central
Downloading: nvd-clojure/nvd-clojure/3.6.0/nvd-clojure-3.6.0.jar from clojars
Downloading: org/apache/maven/maven-resolver-provider/3.9.5/maven-resolver-provider-3.9.5.jar from central
Downloading: org/apache/commons/commons-text/1.11.0/commons-text-1.11.0.jar from central
Downloading: us/springett/cpe-parser/2.0.3/cpe-parser-2.0.3.jar from central
Downloading: commons-logging/commons-logging/1.2/commons-logging-1.2.jar from central
Downloading: org/apache/lucene/lucene-queries/8.11.2/lucene-queries-8.11.2.jar from central
Downloading: com/google/guava/guava/32.1.3-jre/guava-32.1.3-jre.jar from central
Downloading: org/sonatype/ossindex/ossindex-service-api/1.8.2/ossindex-service-api-1.8.2.jar from central
Downloading: org/apache/maven/resolver/maven-resolver-spi/1.9.16/maven-resolver-spi-1.9.16.jar from central
Downloading: org/codehaus/plexus/plexus-classworlds/2.7.0/plexus-classworlds-2.7.0.jar from central
Downloading: com/google/j2objc/j2objc-annotations/2.8/j2objc-annotations-2.8.jar from central
Downloading: org/checkerframework/checker-qual/3.37.0/checker-qual-3.37.0.jar from central
Downloading: org/apache/lucene/lucene-sandbox/8.11.2/lucene-sandbox-8.11.2.jar from central
Downloading: org/eclipse/jetty/jetty-client/12.0.3/jetty-client-12.0.3.jar from central
Downloading: org/sonatype/ossindex/ossindex-service-client/1.8.2/ossindex-service-client-1.8.2.jar from central
Downloading: org/jsoup/jsoup/1.16.2/jsoup-1.16.2.jar from central
Downloading: io/github/jeremylong/jcs3-slf4j/1.0.1/jcs3-slf4j-1.0.1.jar from central
Downloading: org/apache/commons/commons-collections4/4.4/commons-collections4-4.4.jar from central
Downloading: org/eclipse/jetty/jetty-io/12.0.3/jetty-io-12.0.3.jar from central
Downloading: org/apache/maven/resolver/maven-resolver-impl/1.9.16/maven-resolver-impl-1.9.16.jar from central
Downloading: org/apache/maven/resolver/maven-resolver-util/1.9.16/maven-resolver-util-1.9.16.jar from central
Downloading: org/apache/maven/resolver/maven-resolver-named-locks/1.9.16/maven-resolver-named-locks-1.9.16.jar from central
Downloading: com/moandjiezana/toml/toml4j/0.7.2/toml4j-0.7.2.jar from central
Downloading: org/apache/maven/maven-repository-metadata/3.9.5/maven-repository-metadata-3.9.5.jar from central
Downloading: com/github/package-url/packageurl-java/1.4.1/packageurl-java-1.4.1.jar from central
Downloading: javax/ws/rs/javax.ws.rs-api/2.0.1/javax.ws.rs-api-2.0.1.jar from central
Downloading: org/sonatype/goodies/package-url-java/1.1.1/package-url-java-1.1.1.jar from central
Downloading: org/apache/maven/maven-plugin-api/3.9.5/maven-plugin-api-3.9.5.jar from central
Downloading: org/whitesource/pecoff4j/0.0.2.1/pecoff4j-0.0.2.1.jar from central
Downloading: org/apache/maven/maven-builder-support/3.9.5/maven-builder-support-3.9.5.jar from central
Downloading: org/apache/maven/maven-model/3.9.5/maven-model-3.9.5.jar from central
Downloading: org/apache/maven/maven-artifact/3.9.5/maven-artifact-3.9.5.jar from central
Downloading: javax/xml/bind/jaxb-api/2.3.1/jaxb-api-2.3.1.jar from central
Downloading: org/glassfish/javax.json/1.1.4/javax.json-1.1.4.jar from central
Downloading: com/google/code/gson/gson/2.9.0/gson-2.9.0.jar from central
[2024-01-02 02:27:27.726] INFO nvd-clojure - User-provided config: {:delete-config? false, :group "com.github.pmonks", :name "embroidery", :version "0.1.13", :nvd {:output-dir "../target/nvd"}}
Jan 02, 2024 2:27:27 AM org.apache.commons.jcs3.engine.control.CompositeCacheManager 
INFO: Instance is null, returning unconfigured instance
Jan 02, 2024 2:27:28 AM org.apache.commons.jcs3.engine.control.CompositeCacheManager 
INFO: Setting default auxiliaries to "ODC"
Jan 02, 2024 2:27:28 AM org.apache.commons.jcs3.engine.control.CompositeCacheManager 
INFO: setting defaultCompositeCacheAttributes to [ useLateral = true, useRemote = true, useDisk = true, maxObjs = 0, maxSpoolPerRun = -1, diskUsagePattern = UPDATE, spoolChunkSize = 2 ]
Jan 02, 2024 2:27:28 AM org.apache.commons.jcs3.engine.control.CompositeCacheManager 
INFO: setting defaultElementAttributes to [ IS_LATERAL = false, IS_SPOOL = true, IS_REMOTE = false, IS_ETERNAL = false, MaxLifeSeconds = 86400, IdleTime = 1800, CreateTime = 1704162448791, LastAccessTime = 1704162448791, getTimeToLiveSeconds() = 86399, createTime = 1704162448791 ]
Jan 02, 2024 2:27:28 AM org.apache.commons.jcs3.engine.memory.AbstractDoubleLinkedListMemoryCache 
INFO: initialized MemoryCache for CENTRAL
Jan 02, 2024 2:27:28 AM org.apache.commons.jcs3.engine.control.CompositeCache 
INFO: Constructed cache with name [CENTRAL] and cache attributes [ useLateral = true, useRemote = true, useDisk = true, maxObjs = 0, maxSpoolPerRun = -1, diskUsagePattern = UPDATE, spoolChunkSize = 2 ]
Jan 02, 2024 2:27:28 AM org.apache.commons.jcs3.auxiliary.AuxiliaryCacheConfigurator 
INFO: No cache event logger defined for auxiliary [jcs.auxiliary.ODC]
Jan 02, 2024 2:27:28 AM org.apache.commons.jcs3.auxiliary.AuxiliaryCacheConfigurator 
INFO: Using standard serializer [org.apache.commons.jcs3.utils.serialization.StandardSerializer@1946384] for auxiliary [jcs.auxiliary.ODC]
Jan 02, 2024 2:27:28 AM org.apache.commons.jcs3.auxiliary.disk.indexed.IndexedDiskCache 
INFO: Region [CENTRAL] : Set maxKeySize to: "1,000,000"
Jan 02, 2024 2:27:28 AM org.apache.commons.jcs3.auxiliary.disk.indexed.IndexedDiskCache 
INFO: Region [CENTRAL] : Cache file root directory: /home/runner/.m2/repository/org/owasp/dependency-check-utils/8.4.3/data/7.0/cache
Jan 02, 2024 2:27:28 AM org.apache.commons.jcs3.auxiliary.disk.indexed.IndexedDiskCache 
INFO: Region [CENTRAL] : Indexed Disk Cache is alive.
Jan 02, 2024 2:27:28 AM org.apache.commons.jcs3.engine.memory.AbstractDoubleLinkedListMemoryCache 
INFO: initialized MemoryCache for POM
Jan 02, 2024 2:27:28 AM org.apache.commons.jcs3.engine.control.CompositeCache 
INFO: Constructed cache with name [POM] and cache attributes [ useLateral = true, useRemote = true, useDisk = true, maxObjs = 0, maxSpoolPerRun = -1, diskUsagePattern = UPDATE, spoolChunkSize = 2 ]
Jan 02, 2024 2:27:28 AM org.apache.commons.jcs3.auxiliary.AuxiliaryCacheConfigurator 
INFO: No cache event logger defined for auxiliary [jcs.auxiliary.ODC]
Jan 02, 2024 2:27:28 AM org.apache.commons.jcs3.auxiliary.AuxiliaryCacheConfigurator 
INFO: Using standard serializer [org.apache.commons.jcs3.utils.serialization.StandardSerializer@41b64020] for auxiliary [jcs.auxiliary.ODC]
Jan 02, 2024 2:27:28 AM org.apache.commons.jcs3.auxiliary.disk.indexed.IndexedDiskCache 
INFO: Region [POM] : Set maxKeySize to: "1,000,000"
Jan 02, 2024 2:27:28 AM org.apache.commons.jcs3.auxiliary.disk.indexed.IndexedDiskCache 
INFO: Region [POM] : Cache file root directory: /home/runner/.m2/repository/org/owasp/dependency-check-utils/8.4.3/data/7.0/cache
Jan 02, 2024 2:27:28 AM org.apache.commons.jcs3.auxiliary.disk.indexed.IndexedDiskCache 
INFO: Region [POM] : Indexed Disk Cache is alive.
Jan 02, 2024 2:27:28 AM org.apache.commons.jcs3.engine.memory.AbstractDoubleLinkedListMemoryCache 
INFO: initialized MemoryCache for NODEAUDIT
Jan 02, 2024 2:27:28 AM org.apache.commons.jcs3.engine.control.CompositeCache 
INFO: Constructed cache with name [NODEAUDIT] and cache attributes [ useLateral = true, useRemote = true, useDisk = true, maxObjs = 0, maxSpoolPerRun = -1, diskUsagePattern = UPDATE, spoolChunkSize = 2 ]
Jan 02, 2024 2:27:28 AM org.apache.commons.jcs3.auxiliary.AuxiliaryCacheConfigurator 
INFO: No cache event logger defined for auxiliary [jcs.auxiliary.ODC]
Jan 02, 2024 2:27:28 AM org.apache.commons.jcs3.auxiliary.AuxiliaryCacheConfigurator 
INFO: Using standard serializer [org.apache.commons.jcs3.utils.serialization.StandardSerializer@1a538ed8] for auxiliary [jcs.auxiliary.ODC]
Jan 02, 2024 2:27:28 AM org.apache.commons.jcs3.auxiliary.disk.indexed.IndexedDiskCache 
INFO: Region [NODEAUDIT] : Set maxKeySize to: "1,000,000"
Jan 02, 2024 2:27:28 AM org.apache.commons.jcs3.auxiliary.disk.indexed.IndexedDiskCache 
INFO: Region [NODEAUDIT] : Cache file root directory: /home/runner/.m2/repository/org/owasp/dependency-check-utils/8.4.3/data/7.0/cache
Jan 02, 2024 2:27:28 AM org.apache.commons.jcs3.auxiliary.disk.indexed.IndexedDiskCache 
INFO: Region [NODEAUDIT] : Indexed Disk Cache is alive.
Jan 02, 2024 2:27:28 AM org.apache.commons.jcs3.engine.control.CompositeCacheConfigurator 
INFO: Parsed regions [CENTRAL, POM, NODEAUDIT]
Jan 02, 2024 2:27:28 AM org.apache.commons.jcs3.engine.control.CompositeCacheManager 
INFO: Finished configuration in 162 ms.
[2024-01-02 02:27:28.832] WARN NexusAnalyzer - Disabling Nexus analyzer - please specify the URL to a Nexus Server
[2024-01-02 02:27:29.255] INFO Engine - Checking for updates
[2024-01-02 02:27:31.489] INFO NvdCveUpdater - NVD CVE requires several updates; this could take a couple of minutes.
[2024-01-02 02:27:35.491] INFO DownloadTask - Download Started for NVD CVE - 2002
[2024-01-02 02:27:36.115] INFO DownloadTask - Download Complete for NVD CVE - 2002  (624 ms)
[2024-01-02 02:27:36.118] INFO ProcessTask - Processing Started for NVD CVE - 2002
[2024-01-02 02:27:40.118] INFO DownloadTask - Download Started for NVD CVE - 2003
[2024-01-02 02:27:40.168] INFO DownloadTask - Download Complete for NVD CVE - 2003  (50 ms)
[2024-01-02 02:27:40.170] INFO ProcessTask - Processing Started for NVD CVE - 2003
[2024-01-02 02:27:40.781] INFO ProcessTask - Processing Complete for NVD CVE - 2002  (4663 ms)
[2024-01-02 02:27:41.295] INFO ProcessTask - Processing Complete for NVD CVE - 2003  (1125 ms)
[2024-01-02 02:27:44.170] INFO DownloadTask - Download Started for NVD CVE - 2004
[2024-01-02 02:27:44.329] INFO DownloadTask - Download Complete for NVD CVE - 2004  (159 ms)
[2024-01-02 02:27:44.331] INFO ProcessTask - Processing Started for NVD CVE - 2004
[2024-01-02 02:27:45.906] INFO ProcessTask - Processing Complete for NVD CVE - 2004  (1575 ms)
[2024-01-02 02:27:48.331] INFO DownloadTask - Download Started for NVD CVE - 2005
[2024-01-02 02:27:48.483] INFO DownloadTask - Download Complete for NVD CVE - 2005  (152 ms)
[2024-01-02 02:27:48.485] INFO ProcessTask - Processing Started for NVD CVE - 2005
[2024-01-02 02:27:50.360] INFO ProcessTask - Processing Complete for NVD CVE - 2005  (1875 ms)
[2024-01-02 02:27:52.485] INFO DownloadTask - Download Started for NVD CVE - 2006
[2024-01-02 02:27:52.832] INFO DownloadTask - Download Complete for NVD CVE - 2006  (347 ms)
[2024-01-02 02:27:52.835] INFO ProcessTask - Processing Started for NVD CVE - 2006
[2024-01-02 02:27:55.019] INFO ProcessTask - Processing Complete for NVD CVE - 2006  (2184 ms)
[2024-01-02 02:27:56.835] INFO DownloadTask - Download Started for NVD CVE - 2007
[2024-01-02 02:27:57.324] INFO DownloadTask - Download Complete for NVD CVE - 2007  (489 ms)
[2024-01-02 02:27:57.327] INFO ProcessTask - Processing Started for NVD CVE - 2007
[2024-01-02 02:27:59.223] INFO ProcessTask - Processing Complete for NVD CVE - 2007  (1896 ms)
[2024-01-02 02:28:01.327] INFO DownloadTask - Download Started for NVD CVE - 2008
[2024-01-02 02:28:01.673] INFO DownloadTask - Download Complete for NVD CVE - 2008  (345 ms)
[2024-01-02 02:28:01.675] INFO ProcessTask - Processing Started for NVD CVE - 2008
[2024-01-02 02:28:04.123] INFO ProcessTask - Processing Complete for NVD CVE - 2008  (2448 ms)
[2024-01-02 02:28:05.676] INFO DownloadTask - Download Started for NVD CVE - 2009
[2024-01-02 02:28:06.229] INFO DownloadTask - Download Complete for NVD CVE - 2009  (553 ms)
[2024-01-02 02:28:06.231] INFO ProcessTask - Processing Started for NVD CVE - 2009
[2024-01-02 02:28:08.674] INFO ProcessTask - Processing Complete for NVD CVE - 2009  (2442 ms)
[2024-01-02 02:28:10.232] INFO DownloadTask - Download Started for NVD CVE - 2010
[2024-01-02 02:28:10.486] INFO DownloadTask - Download Complete for NVD CVE - 2010  (254 ms)
[2024-01-02 02:28:10.489] INFO ProcessTask - Processing Started for NVD CVE - 2010
[2024-01-02 02:28:13.290] INFO ProcessTask - Processing Complete for NVD CVE - 2010  (2801 ms)
[2024-01-02 02:28:14.489] INFO DownloadTask - Download Started for NVD CVE - 2011
[2024-01-02 02:28:14.616] INFO DownloadTask - Download Complete for NVD CVE - 2011  (127 ms)
[2024-01-02 02:28:14.618] INFO ProcessTask - Processing Started for NVD CVE - 2011
[2024-01-02 02:28:17.447] INFO ProcessTask - Processing Complete for NVD CVE - 2011  (2828 ms)
[2024-01-02 02:28:18.619] INFO DownloadTask - Download Started for NVD CVE - 2012
[2024-01-02 02:28:18.851] INFO DownloadTask - Download Complete for NVD CVE - 2012  (232 ms)
[2024-01-02 02:28:18.854] INFO ProcessTask - Processing Started for NVD CVE - 2012
[2024-01-02 02:28:22.200] INFO ProcessTask - Processing Complete for NVD CVE - 2012  (3346 ms)
[2024-01-02 02:28:22.854] INFO DownloadTask - Download Started for NVD CVE - 2013
[2024-01-02 02:28:23.188] INFO DownloadTask - Download Complete for NVD CVE - 2013  (334 ms)
[2024-01-02 02:28:23.191] INFO ProcessTask - Processing Started for NVD CVE - 2013
[2024-01-02 02:28:26.463] INFO ProcessTask - Processing Complete for NVD CVE - 2013  (3272 ms)
[2024-01-02 02:28:27.191] INFO DownloadTask - Download Started for NVD CVE - 2014
[2024-01-02 02:28:27.521] INFO DownloadTask - Download Complete for NVD CVE - 2014  (329 ms)
[2024-01-02 02:28:27.524] INFO ProcessTask - Processing Started for NVD CVE - 2014
[2024-01-02 02:28:30.276] INFO ProcessTask - Processing Complete for NVD CVE - 2014  (2752 ms)
[2024-01-02 02:28:31.524] INFO DownloadTask - Download Started for NVD CVE - 2015
[2024-01-02 02:28:31.905] INFO DownloadTask - Download Complete for NVD CVE - 2015  (380 ms)
[2024-01-02 02:28:31.918] INFO ProcessTask - Processing Started for NVD CVE - 2015
[2024-01-02 02:28:34.251] INFO ProcessTask - Processing Complete for NVD CVE - 2015  (2333 ms)
[2024-01-02 02:28:35.918] INFO DownloadTask - Download Started for NVD CVE - 2016
[2024-01-02 02:28:36.571] INFO DownloadTask - Download Complete for NVD CVE - 2016  (653 ms)
[2024-01-02 02:28:36.574] INFO ProcessTask - Processing Started for NVD CVE - 2016
[2024-01-02 02:28:39.111] INFO ProcessTask - Processing Complete for NVD CVE - 2016  (2537 ms)
[2024-01-02 02:28:40.574] INFO DownloadTask - Download Started for NVD CVE - 2017
[2024-01-02 02:28:40.856] INFO DownloadTask - Download Complete for NVD CVE - 2017  (282 ms)
[2024-01-02 02:28:40.860] INFO ProcessTask - Processing Started for NVD CVE - 2017
[2024-01-02 02:28:43.866] INFO ProcessTask - Processing Complete for NVD CVE - 2017  (3006 ms)
[2024-01-02 02:28:44.861] INFO DownloadTask - Download Started for NVD CVE - 2018
[2024-01-02 02:28:45.509] INFO DownloadTask - Download Complete for NVD CVE - 2018  (648 ms)
[2024-01-02 02:28:45.513] INFO ProcessTask - Processing Started for NVD CVE - 2018
[2024-01-02 02:28:48.534] INFO ProcessTask - Processing Complete for NVD CVE - 2018  (3021 ms)
[2024-01-02 02:28:49.514] INFO DownloadTask - Download Started for NVD CVE - 2019
[2024-01-02 02:28:50.047] INFO DownloadTask - Download Complete for NVD CVE - 2019  (533 ms)
[2024-01-02 02:28:50.073] INFO ProcessTask - Processing Started for NVD CVE - 2019
[2024-01-02 02:28:53.034] INFO ProcessTask - Processing Complete for NVD CVE - 2019  (2961 ms)
[2024-01-02 02:28:54.073] INFO DownloadTask - Download Started for NVD CVE - 2020
[2024-01-02 02:28:54.378] INFO DownloadTask - Download Complete for NVD CVE - 2020  (305 ms)
[2024-01-02 02:28:54.385] INFO ProcessTask - Processing Started for NVD CVE - 2020
[2024-01-02 02:28:57.925] INFO ProcessTask - Processing Complete for NVD CVE - 2020  (3540 ms)
[2024-01-02 02:28:58.385] INFO DownloadTask - Download Started for NVD CVE - 2021
[2024-01-02 02:28:59.065] INFO DownloadTask - Download Complete for NVD CVE - 2021  (680 ms)
[2024-01-02 02:28:59.073] INFO ProcessTask - Processing Started for NVD CVE - 2021
[2024-01-02 02:29:02.986] INFO ProcessTask - Processing Complete for NVD CVE - 2021  (3912 ms)
[2024-01-02 02:29:03.074] INFO DownloadTask - Download Started for NVD CVE - 2022
[2024-01-02 02:29:03.460] INFO DownloadTask - Download Complete for NVD CVE - 2022  (386 ms)
[2024-01-02 02:29:03.467] INFO ProcessTask - Processing Started for NVD CVE - 2022
[2024-01-02 02:29:07.468] INFO DownloadTask - Download Started for NVD CVE - 2023
[2024-01-02 02:29:07.786] INFO ProcessTask - Processing Complete for NVD CVE - 2022  (4319 ms)
[2024-01-02 02:29:07.826] INFO DownloadTask - Download Complete for NVD CVE - 2023  (358 ms)
[2024-01-02 02:29:07.832] INFO ProcessTask - Processing Started for NVD CVE - 2023
[2024-01-02 02:29:11.793] INFO ProcessTask - Processing Complete for NVD CVE - 2023  (3961 ms)
[2024-01-02 02:29:15.794] INFO DownloadTask - Download Started for NVD CVE - Modified
[2024-01-02 02:29:16.527] INFO DownloadTask - Download Complete for NVD CVE - Modified  (733 ms)
[2024-01-02 02:29:16.528] INFO ProcessTask - Processing Started for NVD CVE - Modified
[2024-01-02 02:29:17.292] INFO ProcessTask - Processing Complete for NVD CVE - Modified  (764 ms)
[2024-01-02 02:29:17.460] INFO CveDB - Begin database maintenance
[2024-01-02 02:29:24.948] INFO CveDB - Updated the CPE ecosystem on 138329 NVD records
[2024-01-02 02:29:25.610] INFO CveDB - Removed the CPE ecosystem on 3897 NVD records
[2024-01-02 02:29:26.081] INFO CveDB - End database maintenance (8621 ms)
[2024-01-02 02:29:26.155] WARN EngineVersionCheck - A new version of dependency-check is available. Consider updating to version 9.0.7.
[2024-01-02 02:29:26.193] INFO KnownExploitedDataSource - Updating CISA Known Exploited Vulnerability list: https://www.cisa.gov/sites/default/files/feeds/known_exploited_vulnerabilities.json
[2024-01-02 02:29:26.428] INFO CveDB - Begin database defrag
[2024-01-02 02:29:30.776] INFO CveDB - End database defrag (4353 ms)
[2024-01-02 02:29:30.777] INFO Engine - Check for updates complete (121521 ms)
[2024-01-02 02:29:30.949] INFO Engine - 

Dependency-Check is an open source tool performing a best effort analysis of 3rd party dependencies; false positives and false negatives may exist in the analysis performed by the tool. Use of the tool and the reporting provided constitutes acceptance for use in an AS IS condition, and there are NO warranties, implied or otherwise, with regard to the analysis or its use. Any use of the tool and the reporting provided is at the user’s risk. In no event shall the copyright holder or OWASP be held liable for any damages whatsoever arising out of or in connection with the use of this tool, the analysis performed, or the resulting report.


   About ODC: https://jeremylong.github.io/DependencyCheck/general/internals.html
   False Positives: https://jeremylong.github.io/DependencyCheck/general/suppression.html

💖 Sponsor: https://github.com/sponsors/jeremylong


[2024-01-02 02:29:30.951] INFO Engine - Analysis Started
[2024-01-02 02:29:31.103] INFO Engine - Finished Archive Analyzer (0 seconds)
[2024-01-02 02:29:31.105] INFO Engine - Finished File Name Analyzer (0 seconds)
[2024-01-02 02:29:31.604] INFO Engine - Finished Jar Analyzer (0 seconds)
[2024-01-02 02:29:31.619] INFO Engine - Finished Central Analyzer (0 seconds)
[2024-01-02 02:29:31.620] INFO Engine - Finished Dependency Merging Analyzer (0 seconds)
[2024-01-02 02:29:31.976] INFO Engine - Finished Hint Analyzer (0 seconds)
[2024-01-02 02:29:31.977] INFO Engine - Finished Version Filter Analyzer (0 seconds)
[2024-01-02 02:29:33.635] INFO CPEAnalyzer - Created CPE Index (1 seconds)
[2024-01-02 02:29:34.034] INFO Engine - Finished CPE Analyzer (2 seconds)
[2024-01-02 02:29:34.037] INFO Engine - Finished False Positive Analyzer (0 seconds)
[2024-01-02 02:29:34.042] INFO Engine - Finished NVD CVE Analyzer (0 seconds)
[2024-01-02 02:29:34.547] INFO Engine - Finished Sonatype OSS Index Analyzer (0 seconds)
[2024-01-02 02:29:34.548] INFO Engine - Finished Vulnerability Suppression Analyzer (0 seconds)
[2024-01-02 02:29:34.557] INFO Engine - Finished Known Exploited Vulnerability Analyzer (0 seconds)
[2024-01-02 02:29:34.558] INFO Engine - Finished Dependency Bundling Analyzer (0 seconds)
[2024-01-02 02:29:34.559] INFO Engine - Finished Unused Suppression Rule Analyzer (0 seconds)
[2024-01-02 02:29:34.574] INFO Engine - Analysis Complete (3 seconds)
[2024-01-02 02:29:34.611] INFO ReportGenerator - Writing report to: /home/runner/work/embroidery/embroidery/.nvd/../target/nvd/dependency-check-report.xml
[2024-01-02 02:29:34.738] INFO ReportGenerator - Writing report to: /home/runner/work/embroidery/embroidery/.nvd/../target/nvd/dependency-check-report.html
[2024-01-02 02:29:34.817] INFO ReportGenerator - Writing report to: /home/runner/work/embroidery/embroidery/.nvd/../target/nvd/dependency-check-report.json
[2024-01-02 02:29:34.839] INFO ReportGenerator - Writing report to: /home/runner/work/embroidery/embroidery/.nvd/../target/nvd/dependency-check-report.csv
[2024-01-02 02:29:34.841] INFO ReportGenerator - Writing report to: /home/runner/work/embroidery/embroidery/.nvd/../target/nvd/dependency-check-report.sarif
[2024-01-02 02:29:34.850] INFO ReportGenerator - Writing report to: /home/runner/work/embroidery/embroidery/.nvd/../target/nvd/dependency-check-jenkins.html
[2024-01-02 02:29:34.863] INFO ReportGenerator - Writing report to: /home/runner/work/embroidery/embroidery/.nvd/../target/nvd/dependency-check-junit.xml
Jan 02, 2024 2:29:34 AM org.apache.commons.jcs3.engine.control.CompositeCacheManager 
INFO: Shutdown hook activated. Shutdown was not called. Shutting down JCS.
Jan 02, 2024 2:29:34 AM org.apache.commons.jcs3.engine.control.event.ElementEventQueue 
INFO: Element event queue destroyed: org.apache.commons.jcs3.engine.control.event.ElementEventQueue@6853fefc
